
> react-kavia@0.1.0 start
> react-scripts start

(node:245) [DEP_WEBPACK_DEV_SERVER_ON_AFTER_SETUP_MIDDLEWARE] DeprecationWarning: 'onAfterSetupMiddleware' option is deprecated. Please use the 'setupMiddlewares' option.
(Use `node --trace-deprecation ...` to show where the warning was created)
(node:245) [DEP_WEBPACK_DEV_SERVER_ON_BEFORE_SETUP_MIDDLEWARE] DeprecationWarning: 'onBeforeSetupMiddleware' option is deprecated. Please use the 'setupMiddlewares' option.
Starting the development server...

Compiled with warnings.

[eslint] 
src/App.js
  Line 29:9:  'wordPositionsRef' is assigned a value but never used  no-unused-vars

src/hooks/useDocumentLibrary.js
  Line 11:27:  'splitTextIntoChunks' is defined but never used  no-unused-vars

Search for the keywords to learn more about each warning.
To ignore, add // eslint-disable-next-line to the line before.

WARNING in [eslint] 
src/App.js
  Line 29:9:  'wordPositionsRef' is assigned a value but never used  no-unused-vars

src/hooks/useDocumentLibrary.js
  Line 11:27:  'splitTextIntoChunks' is defined but never used  no-unused-vars

webpack compiled with 1 warning
Compiling...
Compiled with warnings.

[eslint] 
src/App.js
  Line 29:9:  'wordPositionsRef' is assigned a value but never used  no-unused-vars

src/hooks/useDocumentLibrary.js
  Line 11:27:  'splitTextIntoChunks' is defined but never used  no-unused-vars

src/utils/documentUtils.js
  Line 174:7:  'chunkStartIndex' is assigned a value but never used  no-unused-vars

Search for the keywords to learn more about each warning.
To ignore, add // eslint-disable-next-line to the line before.

WARNING in [eslint] 
src/App.js
  Line 29:9:  'wordPositionsRef' is assigned a value but never used  no-unused-vars

src/hooks/useDocumentLibrary.js
  Line 11:27:  'splitTextIntoChunks' is defined but never used  no-unused-vars

src/utils/documentUtils.js
  Line 174:7:  'chunkStartIndex' is assigned a value but never used  no-unused-vars

webpack compiled with 1 warning
